::1 - - "2017-02-06 18:38:00" http://localhost:8888/ojs-3.0.1/index.php/jnsamr/index 200 "Mozilla/5.0 (Macintosh; Intel Mac OS X 10_10_5) AppleWebKit/537.36 (KHTML, like Gecko) Chrome/57.0.2987.21 Safari/537.36"
::1 - - "2017-02-06 18:38:02" http://localhost:8888/ojs-3.0.1/index.php/jnsamr/index 200 "Mozilla/5.0 (Macintosh; Intel Mac OS X 10_10_5) AppleWebKit/537.36 (KHTML, like Gecko) Chrome/57.0.2987.21 Safari/537.36"
::1 - - "2017-02-06 18:38:06" http://localhost:8888/ojs-3.0.1/index.php/jnsamr/index 200 "Mozilla/5.0 (Macintosh; Intel Mac OS X 10_10_5) AppleWebKit/537.36 (KHTML, like Gecko) Chrome/57.0.2987.21 Safari/537.36"
::1 - - "2017-02-06 18:38:40" http://localhost:8888/ojs-3.0.1/index.php/jnsamr/index 200 "Mozilla/5.0 (Macintosh; Intel Mac OS X 10_10_5) AppleWebKit/537.36 (KHTML, like Gecko) Chrome/57.0.2987.21 Safari/537.36"
::1 - - "2017-02-06 18:38:43" http://localhost:8888/ojs-3.0.1/index.php/jnsamr/index 200 "Mozilla/5.0 (Macintosh; Intel Mac OS X 10_10_5) AppleWebKit/537.36 (KHTML, like Gecko) Chrome/57.0.2987.21 Safari/537.36"
::1 - - "2017-02-06 18:39:15" http://localhost:8888/ojs-3.0.1/index.php/jnsamr/index 200 "Mozilla/5.0 (Macintosh; Intel Mac OS X 10_10_5) AppleWebKit/537.36 (KHTML, like Gecko) Chrome/57.0.2987.21 Safari/537.36"
::1 - - "2017-02-06 18:40:15" http://localhost:8888/ojs-3.0.1/index.php/jnsamr/index 200 "Mozilla/5.0 (Macintosh; Intel Mac OS X 10_10_5) AppleWebKit/537.36 (KHTML, like Gecko) Chrome/57.0.2987.21 Safari/537.36"
::1 - - "2017-02-06 18:40:39" http://localhost:8888/ojs-3.0.1/index.php/jnsamr/index 200 "Mozilla/5.0 (Macintosh; Intel Mac OS X 10_10_5) AppleWebKit/537.36 (KHTML, like Gecko) Chrome/57.0.2987.21 Safari/537.36"
::1 - - "2017-02-06 18:41:09" http://localhost:8888/ojs-3.0.1/index.php/jnsamr/index 200 "Mozilla/5.0 (Macintosh; Intel Mac OS X 10_10_5) AppleWebKit/537.36 (KHTML, like Gecko) Chrome/57.0.2987.21 Safari/537.36"
::1 administrative 1 "2017-02-06 18:42:14" http://localhost:8888/ojs-3.0.1/index.php/jnsamr/index 200 "Mozilla/5.0 (Macintosh; Intel Mac OS X 10_10_5) AppleWebKit/537.36 (KHTML, like Gecko) Chrome/57.0.2987.21 Safari/537.36"
::1 administrative 1 "2017-02-06 18:42:39" http://localhost:8888/ojs-3.0.1/index.php/jnsamr/index 200 "Mozilla/5.0 (Macintosh; Intel Mac OS X 10_10_5) AppleWebKit/537.36 (KHTML, like Gecko) Chrome/57.0.2987.21 Safari/537.36"
::1 administrative 1 "2017-02-06 18:43:17" http://localhost:8888/ojs-3.0.1/index.php/jnsamr/index 200 "Mozilla/5.0 (Macintosh; Intel Mac OS X 10_10_5) AppleWebKit/537.36 (KHTML, like Gecko) Chrome/57.0.2987.21 Safari/537.36"
::1 administrative 1 "2017-02-06 18:43:18" http://localhost:8888/ojs-3.0.1/index.php/jnsamr/index 200 "Mozilla/5.0 (Macintosh; Intel Mac OS X 10_10_5) AppleWebKit/537.36 (KHTML, like Gecko) Chrome/57.0.2987.21 Safari/537.36"
::1 administrative 1 "2017-02-06 18:43:26" http://localhost:8888/ojs-3.0.1/index.php/jnsamr/index 200 "Mozilla/5.0 (Macintosh; Intel Mac OS X 10_10_5) AppleWebKit/537.36 (KHTML, like Gecko) Chrome/57.0.2987.21 Safari/537.36"
::1 administrative 1 "2017-02-06 18:45:03" http://localhost:8888/ojs-3.0.1/index.php/jnsamr/index 200 "Mozilla/5.0 (Macintosh; Intel Mac OS X 10_10_5) AppleWebKit/537.36 (KHTML, like Gecko) Chrome/57.0.2987.21 Safari/537.36"
::1 administrative 1 "2017-02-06 18:45:59" http://localhost:8888/ojs-3.0.1/index.php/jnsamr/index 200 "Mozilla/5.0 (Macintosh; Intel Mac OS X 10_10_5) AppleWebKit/537.36 (KHTML, like Gecko) Chrome/57.0.2987.21 Safari/537.36"
::1 administrative 1 "2017-02-06 18:46:01" http://localhost:8888/ojs-3.0.1/index.php/jnsamr/index 200 "Mozilla/5.0 (Macintosh; Intel Mac OS X 10_10_5) AppleWebKit/537.36 (KHTML, like Gecko) Chrome/57.0.2987.21 Safari/537.36"
::1 administrative 1 "2017-02-06 18:46:04" http://localhost:8888/ojs-3.0.1/index.php/jnsamr/index 200 "Mozilla/5.0 (Macintosh; Intel Mac OS X 10_10_5) AppleWebKit/537.36 (KHTML, like Gecko) Chrome/57.0.2987.21 Safari/537.36"
::1 administrative 1 "2017-02-06 18:46:43" http://localhost:8888/ojs-3.0.1/index.php/jnsamr/index 200 "Mozilla/5.0 (Macintosh; Intel Mac OS X 10_10_5) AppleWebKit/537.36 (KHTML, like Gecko) Chrome/57.0.2987.21 Safari/537.36"
::1 administrative 1 "2017-02-06 18:46:44" http://localhost:8888/ojs-3.0.1/index.php/jnsamr/index 200 "Mozilla/5.0 (Macintosh; Intel Mac OS X 10_10_5) AppleWebKit/537.36 (KHTML, like Gecko) Chrome/57.0.2987.21 Safari/537.36"
::1 administrative 1 "2017-02-06 18:46:47" http://localhost:8888/ojs-3.0.1/index.php/jnsamr/index 200 "Mozilla/5.0 (Macintosh; Intel Mac OS X 10_10_5) AppleWebKit/537.36 (KHTML, like Gecko) Chrome/57.0.2987.21 Safari/537.36"
::1 administrative 1 "2017-02-06 18:50:47" http://localhost:8888/ojs-3.0.1/index.php/jnsamr/index 200 "Mozilla/5.0 (Macintosh; Intel Mac OS X 10_10_5) AppleWebKit/537.36 (KHTML, like Gecko) Chrome/57.0.2987.21 Safari/537.36"
::1 administrative 1 "2017-02-06 18:54:29" http://localhost:8888/ojs-3.0.1/index.php/jnsamr/index 200 "Mozilla/5.0 (Macintosh; Intel Mac OS X 10_10_5) AppleWebKit/537.36 (KHTML, like Gecko) Chrome/57.0.2987.21 Safari/537.36"
::1 administrative 1 "2017-02-06 18:55:44" http://localhost:8888/ojs-3.0.1/index.php/jnsamr/index 200 "Mozilla/5.0 (Macintosh; Intel Mac OS X 10_10_5) AppleWebKit/537.36 (KHTML, like Gecko) Chrome/57.0.2987.21 Safari/537.36"
::1 administrative 1 "2017-02-06 18:55:55" http://localhost:8888/ojs-3.0.1/index.php/jnsamr/index 200 "Mozilla/5.0 (Macintosh; Intel Mac OS X 10_10_5) AppleWebKit/537.36 (KHTML, like Gecko) Chrome/57.0.2987.21 Safari/537.36"
::1 administrative 1 "2017-02-06 18:55:57" http://localhost:8888/ojs-3.0.1/index.php/jnsamr/index 200 "Mozilla/5.0 (Macintosh; Intel Mac OS X 10_10_5) AppleWebKit/537.36 (KHTML, like Gecko) Chrome/57.0.2987.21 Safari/537.36"
::1 administrative 1 "2017-02-06 18:56:04" http://localhost:8888/ojs-3.0.1/index.php/jnsamr/index 200 "Mozilla/5.0 (Macintosh; Intel Mac OS X 10_10_5) AppleWebKit/537.36 (KHTML, like Gecko) Chrome/57.0.2987.21 Safari/537.36"
::1 administrative 1 "2017-02-06 18:56:06" http://localhost:8888/ojs-3.0.1/index.php/jnsamr/index 200 "Mozilla/5.0 (Macintosh; Intel Mac OS X 10_10_5) AppleWebKit/537.36 (KHTML, like Gecko) Chrome/57.0.2987.21 Safari/537.36"
::1 administrative 1 "2017-02-06 18:56:32" http://localhost:8888/ojs-3.0.1/index.php/jnsamr/index 200 "Mozilla/5.0 (Macintosh; Intel Mac OS X 10_10_5) AppleWebKit/537.36 (KHTML, like Gecko) Chrome/57.0.2987.21 Safari/537.36"
::1 administrative 1 "2017-02-06 18:56:34" http://localhost:8888/ojs-3.0.1/index.php/jnsamr/index 200 "Mozilla/5.0 (Macintosh; Intel Mac OS X 10_10_5) AppleWebKit/537.36 (KHTML, like Gecko) Chrome/57.0.2987.21 Safari/537.36"
::1 administrative 1 "2017-02-06 18:56:58" http://localhost:8888/ojs-3.0.1/index.php/jnsamr/index 200 "Mozilla/5.0 (Macintosh; Intel Mac OS X 10_10_5) AppleWebKit/537.36 (KHTML, like Gecko) Chrome/57.0.2987.21 Safari/537.36"
::1 administrative 1 "2017-02-06 18:57:14" http://localhost:8888/ojs-3.0.1/index.php/jnsamr/index 200 "Mozilla/5.0 (Macintosh; Intel Mac OS X 10_10_5) AppleWebKit/537.36 (KHTML, like Gecko) Chrome/57.0.2987.21 Safari/537.36"
::1 administrative 1 "2017-02-06 18:58:09" http://localhost:8888/ojs-3.0.1/index.php/jnsamr/index 200 "Mozilla/5.0 (Macintosh; Intel Mac OS X 10_10_5) AppleWebKit/537.36 (KHTML, like Gecko) Chrome/57.0.2987.21 Safari/537.36"
::1 administrative 1 "2017-02-06 18:58:16" http://localhost:8888/ojs-3.0.1/index.php/jnsamr/index 200 "Mozilla/5.0 (Macintosh; Intel Mac OS X 10_10_5) AppleWebKit/537.36 (KHTML, like Gecko) Chrome/57.0.2987.21 Safari/537.36"
::1 administrative 1 "2017-02-06 18:58:18" http://localhost:8888/ojs-3.0.1/index.php/jnsamr/index 200 "Mozilla/5.0 (Macintosh; Intel Mac OS X 10_10_5) AppleWebKit/537.36 (KHTML, like Gecko) Chrome/57.0.2987.21 Safari/537.36"
::1 administrative 1 "2017-02-06 18:58:24" http://localhost:8888/ojs-3.0.1/index.php/jnsamr/index 200 "Mozilla/5.0 (Macintosh; Intel Mac OS X 10_10_5) AppleWebKit/537.36 (KHTML, like Gecko) Chrome/57.0.2987.21 Safari/537.36"
::1 administrative 1 "2017-02-06 18:58:26" http://localhost:8888/ojs-3.0.1/index.php/jnsamr/index 200 "Mozilla/5.0 (Macintosh; Intel Mac OS X 10_10_5) AppleWebKit/537.36 (KHTML, like Gecko) Chrome/57.0.2987.21 Safari/537.36"
::1 administrative 1 "2017-02-06 18:58:32" http://localhost:8888/ojs-3.0.1/index.php/jnsamr/index 200 "Mozilla/5.0 (Macintosh; Intel Mac OS X 10_10_5) AppleWebKit/537.36 (KHTML, like Gecko) Chrome/57.0.2987.21 Safari/537.36"
::1 administrative 1 "2017-02-06 18:59:31" http://localhost:8888/ojs-3.0.1/index.php/jnsamr/index 200 "Mozilla/5.0 (Macintosh; Intel Mac OS X 10_10_5) AppleWebKit/537.36 (KHTML, like Gecko) Chrome/57.0.2987.21 Safari/537.36"
::1 administrative 1 "2017-02-06 18:59:35" http://localhost:8888/ojs-3.0.1/index.php/jnsamr/index 200 "Mozilla/5.0 (Macintosh; Intel Mac OS X 10_10_5) AppleWebKit/537.36 (KHTML, like Gecko) Chrome/57.0.2987.21 Safari/537.36"
::1 administrative 1 "2017-02-06 19:00:54" http://localhost:8888/ojs-3.0.1/index.php/jnsamr/index 200 "Mozilla/5.0 (Macintosh; Intel Mac OS X 10_10_5) AppleWebKit/537.36 (KHTML, like Gecko) Chrome/57.0.2987.21 Safari/537.36"
::1 administrative 1 "2017-02-06 19:00:57" http://localhost:8888/ojs-3.0.1/index.php/jnsamr/index 200 "Mozilla/5.0 (Macintosh; Intel Mac OS X 10_10_5) AppleWebKit/537.36 (KHTML, like Gecko) Chrome/57.0.2987.21 Safari/537.36"
::1 administrative 1 "2017-02-06 19:01:01" http://localhost:8888/ojs-3.0.1/index.php/jnsamr/index 200 "Mozilla/5.0 (Macintosh; Intel Mac OS X 10_10_5) AppleWebKit/537.36 (KHTML, like Gecko) Chrome/57.0.2987.21 Safari/537.36"
::1 administrative 1 "2017-02-06 19:01:19" http://localhost:8888/ojs-3.0.1/index.php/jnsamr/index 200 "Mozilla/5.0 (Macintosh; Intel Mac OS X 10_10_5) AppleWebKit/537.36 (KHTML, like Gecko) Chrome/57.0.2987.21 Safari/537.36"
::1 administrative 1 "2017-02-06 19:01:23" http://localhost:8888/ojs-3.0.1/index.php/jnsamr/index 200 "Mozilla/5.0 (Macintosh; Intel Mac OS X 10_10_5) AppleWebKit/537.36 (KHTML, like Gecko) Chrome/57.0.2987.21 Safari/537.36"
::1 administrative 1 "2017-02-06 19:01:26" http://localhost:8888/ojs-3.0.1/index.php/jnsamr/index 200 "Mozilla/5.0 (Macintosh; Intel Mac OS X 10_10_5) AppleWebKit/537.36 (KHTML, like Gecko) Chrome/57.0.2987.21 Safari/537.36"
::1 administrative 1 "2017-02-06 19:01:44" http://localhost:8888/ojs-3.0.1/index.php/jnsamr/index 200 "Mozilla/5.0 (Macintosh; Intel Mac OS X 10_10_5) AppleWebKit/537.36 (KHTML, like Gecko) Chrome/57.0.2987.21 Safari/537.36"
::1 administrative 1 "2017-02-06 19:01:45" http://localhost:8888/ojs-3.0.1/index.php/jnsamr/index 200 "Mozilla/5.0 (Macintosh; Intel Mac OS X 10_10_5) AppleWebKit/537.36 (KHTML, like Gecko) Chrome/57.0.2987.21 Safari/537.36"
::1 administrative 1 "2017-02-06 19:01:55" http://localhost:8888/ojs-3.0.1/index.php/jnsamr/index 200 "Mozilla/5.0 (Macintosh; Intel Mac OS X 10_10_5) AppleWebKit/537.36 (KHTML, like Gecko) Chrome/57.0.2987.21 Safari/537.36"
::1 administrative 1 "2017-02-06 19:01:56" http://localhost:8888/ojs-3.0.1/index.php/jnsamr/index 200 "Mozilla/5.0 (Macintosh; Intel Mac OS X 10_10_5) AppleWebKit/537.36 (KHTML, like Gecko) Chrome/57.0.2987.21 Safari/537.36"
::1 administrative 1 "2017-02-06 19:02:00" http://localhost:8888/ojs-3.0.1/index.php/jnsamr/index 200 "Mozilla/5.0 (Macintosh; Intel Mac OS X 10_10_5) AppleWebKit/537.36 (KHTML, like Gecko) Chrome/57.0.2987.21 Safari/537.36"
::1 administrative 1 "2017-02-06 19:02:54" http://localhost:8888/ojs-3.0.1/index.php/jnsamr/index 200 "Mozilla/5.0 (Macintosh; Intel Mac OS X 10_10_5) AppleWebKit/537.36 (KHTML, like Gecko) Chrome/57.0.2987.21 Safari/537.36"
::1 administrative 1 "2017-02-06 19:02:58" http://localhost:8888/ojs-3.0.1/index.php/jnsamr/index 200 "Mozilla/5.0 (Macintosh; Intel Mac OS X 10_10_5) AppleWebKit/537.36 (KHTML, like Gecko) Chrome/57.0.2987.21 Safari/537.36"
::1 administrative 1 "2017-02-06 19:02:59" http://localhost:8888/ojs-3.0.1/index.php/jnsamr/index 200 "Mozilla/5.0 (Macintosh; Intel Mac OS X 10_10_5) AppleWebKit/537.36 (KHTML, like Gecko) Chrome/57.0.2987.21 Safari/537.36"
::1 administrative 1 "2017-02-06 19:03:16" http://localhost:8888/ojs-3.0.1/index.php/jnsamr/index 200 "Mozilla/5.0 (Macintosh; Intel Mac OS X 10_10_5) AppleWebKit/537.36 (KHTML, like Gecko) Chrome/57.0.2987.21 Safari/537.36"
::1 administrative 1 "2017-02-06 19:03:18" http://localhost:8888/ojs-3.0.1/index.php/jnsamr/index 200 "Mozilla/5.0 (Macintosh; Intel Mac OS X 10_10_5) AppleWebKit/537.36 (KHTML, like Gecko) Chrome/57.0.2987.21 Safari/537.36"
::1 administrative 1 "2017-02-06 19:03:25" http://localhost:8888/ojs-3.0.1/index.php/jnsamr/index 200 "Mozilla/5.0 (Macintosh; Intel Mac OS X 10_10_5) AppleWebKit/537.36 (KHTML, like Gecko) Chrome/57.0.2987.21 Safari/537.36"
::1 administrative 1 "2017-02-06 19:04:04" http://localhost:8888/ojs-3.0.1/index.php/jnsamr/index 200 "Mozilla/5.0 (Macintosh; Intel Mac OS X 10_10_5) AppleWebKit/537.36 (KHTML, like Gecko) Chrome/57.0.2987.21 Safari/537.36"
::1 administrative 1 "2017-02-06 19:04:22" http://localhost:8888/ojs-3.0.1/index.php/jnsamr/index 200 "Mozilla/5.0 (Macintosh; Intel Mac OS X 10_10_5) AppleWebKit/537.36 (KHTML, like Gecko) Chrome/57.0.2987.21 Safari/537.36"
::1 administrative 1 "2017-02-06 19:04:31" http://localhost:8888/ojs-3.0.1/index.php/jnsamr/index 200 "Mozilla/5.0 (Macintosh; Intel Mac OS X 10_10_5) AppleWebKit/537.36 (KHTML, like Gecko) Chrome/57.0.2987.21 Safari/537.36"
::1 administrative 1 "2017-02-06 19:05:09" http://localhost:8888/ojs-3.0.1/index.php/jnsamr/index 200 "Mozilla/5.0 (Macintosh; Intel Mac OS X 10_10_5) AppleWebKit/537.36 (KHTML, like Gecko) Chrome/57.0.2987.21 Safari/537.36"
::1 administrative 1 "2017-02-06 19:05:12" http://localhost:8888/ojs-3.0.1/index.php/jnsamr/index 200 "Mozilla/5.0 (Macintosh; Intel Mac OS X 10_10_5) AppleWebKit/537.36 (KHTML, like Gecko) Chrome/57.0.2987.21 Safari/537.36"
::1 administrative 1 "2017-02-06 19:05:23" http://localhost:8888/ojs-3.0.1/index.php/jnsamr/index 200 "Mozilla/5.0 (Macintosh; Intel Mac OS X 10_10_5) AppleWebKit/537.36 (KHTML, like Gecko) Chrome/57.0.2987.21 Safari/537.36"
::1 administrative 1 "2017-02-06 19:05:26" http://localhost:8888/ojs-3.0.1/index.php/jnsamr/index 200 "Mozilla/5.0 (Macintosh; Intel Mac OS X 10_10_5) AppleWebKit/537.36 (KHTML, like Gecko) Chrome/57.0.2987.21 Safari/537.36"
::1 administrative 1 "2017-02-06 19:05:47" http://localhost:8888/ojs-3.0.1/index.php/jnsamr/index 200 "Mozilla/5.0 (Macintosh; Intel Mac OS X 10_10_5) AppleWebKit/537.36 (KHTML, like Gecko) Chrome/57.0.2987.21 Safari/537.36"
::1 administrative 1 "2017-02-06 19:05:52" http://localhost:8888/ojs-3.0.1/index.php/jnsamr/index 200 "Mozilla/5.0 (Macintosh; Intel Mac OS X 10_10_5) AppleWebKit/537.36 (KHTML, like Gecko) Chrome/57.0.2987.21 Safari/537.36"
::1 administrative 1 "2017-02-06 19:05:54" http://localhost:8888/ojs-3.0.1/index.php/jnsamr/index 200 "Mozilla/5.0 (Macintosh; Intel Mac OS X 10_10_5) AppleWebKit/537.36 (KHTML, like Gecko) Chrome/57.0.2987.21 Safari/537.36"
::1 administrative 1 "2017-02-06 19:06:47" http://localhost:8888/ojs-3.0.1/index.php/jnsamr/index 200 "Mozilla/5.0 (Macintosh; Intel Mac OS X 10_10_5) AppleWebKit/537.36 (KHTML, like Gecko) Chrome/57.0.2987.21 Safari/537.36"
::1 administrative 1 "2017-02-06 19:07:21" http://localhost:8888/ojs-3.0.1/index.php/jnsamr/index 200 "Mozilla/5.0 (Macintosh; Intel Mac OS X 10_10_5) AppleWebKit/537.36 (KHTML, like Gecko) Chrome/57.0.2987.21 Safari/537.36"
::1 administrative 1 "2017-02-06 19:07:22" http://localhost:8888/ojs-3.0.1/index.php/jnsamr/index 200 "Mozilla/5.0 (Macintosh; Intel Mac OS X 10_10_5) AppleWebKit/537.36 (KHTML, like Gecko) Chrome/57.0.2987.21 Safari/537.36"
::1 administrative 1 "2017-02-06 19:08:05" http://localhost:8888/ojs-3.0.1/index.php/jnsamr/index 200 "Mozilla/5.0 (Macintosh; Intel Mac OS X 10_10_5) AppleWebKit/537.36 (KHTML, like Gecko) Chrome/57.0.2987.21 Safari/537.36"
::1 administrative 1 "2017-02-06 19:08:19" http://localhost:8888/ojs-3.0.1/index.php/jnsamr/index 200 "Mozilla/5.0 (Macintosh; Intel Mac OS X 10_10_5) AppleWebKit/537.36 (KHTML, like Gecko) Chrome/57.0.2987.21 Safari/537.36"
::1 administrative 1 "2017-02-06 19:08:26" http://localhost:8888/ojs-3.0.1/index.php/jnsamr/index 200 "Mozilla/5.0 (Macintosh; Intel Mac OS X 10_10_5) AppleWebKit/537.36 (KHTML, like Gecko) Chrome/57.0.2987.21 Safari/537.36"
::1 administrative 1 "2017-02-06 19:08:31" http://localhost:8888/ojs-3.0.1/index.php/jnsamr/index 200 "Mozilla/5.0 (Macintosh; Intel Mac OS X 10_10_5) AppleWebKit/537.36 (KHTML, like Gecko) Chrome/57.0.2987.21 Safari/537.36"
::1 administrative 1 "2017-02-06 19:08:46" http://localhost:8888/ojs-3.0.1/index.php/jnsamr/index 200 "Mozilla/5.0 (Macintosh; Intel Mac OS X 10_10_5) AppleWebKit/537.36 (KHTML, like Gecko) Chrome/57.0.2987.21 Safari/537.36"
::1 administrative 1 "2017-02-06 19:08:52" http://localhost:8888/ojs-3.0.1/index.php/jnsamr/index 200 "Mozilla/5.0 (Macintosh; Intel Mac OS X 10_10_5) AppleWebKit/537.36 (KHTML, like Gecko) Chrome/57.0.2987.21 Safari/537.36"
::1 administrative 1 "2017-02-06 19:09:33" http://localhost:8888/ojs-3.0.1/index.php/jnsamr/index 200 "Mozilla/5.0 (Macintosh; Intel Mac OS X 10_10_5) AppleWebKit/537.36 (KHTML, like Gecko) Chrome/57.0.2987.21 Safari/537.36"
::1 administrative 1 "2017-02-06 19:10:08" http://localhost:8888/ojs-3.0.1/index.php/jnsamr/index 200 "Mozilla/5.0 (Macintosh; Intel Mac OS X 10_10_5) AppleWebKit/537.36 (KHTML, like Gecko) Chrome/57.0.2987.21 Safari/537.36"
::1 administrative 1 "2017-02-06 19:10:11" http://localhost:8888/ojs-3.0.1/index.php/jnsamr/index 200 "Mozilla/5.0 (Macintosh; Intel Mac OS X 10_10_5) AppleWebKit/537.36 (KHTML, like Gecko) Chrome/57.0.2987.21 Safari/537.36"
::1 administrative 1 "2017-02-06 19:11:46" http://localhost:8888/ojs-3.0.1/index.php/jnsamr/index 200 "Mozilla/5.0 (Macintosh; Intel Mac OS X 10_10_5) AppleWebKit/537.36 (KHTML, like Gecko) Chrome/57.0.2987.21 Safari/537.36"
::1 administrative 1 "2017-02-06 19:11:56" http://localhost:8888/ojs-3.0.1/index.php/jnsamr/index 200 "Mozilla/5.0 (Macintosh; Intel Mac OS X 10_10_5) AppleWebKit/537.36 (KHTML, like Gecko) Chrome/57.0.2987.21 Safari/537.36"
::1 administrative 1 "2017-02-06 19:14:42" http://localhost:8888/ojs-3.0.1/index.php/jnsamr/index 200 "Mozilla/5.0 (Macintosh; Intel Mac OS X 10_10_5) AppleWebKit/537.36 (KHTML, like Gecko) Chrome/57.0.2987.21 Safari/537.36"
::1 administrative 1 "2017-02-06 19:14:48" http://localhost:8888/ojs-3.0.1/index.php/jnsamr/index 200 "Mozilla/5.0 (Macintosh; Intel Mac OS X 10_10_5) AppleWebKit/537.36 (KHTML, like Gecko) Chrome/57.0.2987.21 Safari/537.36"
::1 administrative 1 "2017-02-06 19:15:08" http://localhost:8888/ojs-3.0.1/index.php/jnsamr/index 200 "Mozilla/5.0 (Macintosh; Intel Mac OS X 10_10_5) AppleWebKit/537.36 (KHTML, like Gecko) Chrome/57.0.2987.21 Safari/537.36"
::1 administrative 1 "2017-02-06 19:15:48" http://localhost:8888/ojs-3.0.1/index.php/jnsamr/index 200 "Mozilla/5.0 (Macintosh; Intel Mac OS X 10_10_5) AppleWebKit/537.36 (KHTML, like Gecko) Chrome/57.0.2987.21 Safari/537.36"
::1 administrative 1 "2017-02-06 19:15:54" http://localhost:8888/ojs-3.0.1/index.php/jnsamr/index 200 "Mozilla/5.0 (Macintosh; Intel Mac OS X 10_10_5) AppleWebKit/537.36 (KHTML, like Gecko) Chrome/57.0.2987.21 Safari/537.36"
::1 administrative 1 "2017-02-06 19:16:06" http://localhost:8888/ojs-3.0.1/index.php/jnsamr/index 200 "Mozilla/5.0 (Macintosh; Intel Mac OS X 10_10_5) AppleWebKit/537.36 (KHTML, like Gecko) Chrome/57.0.2987.21 Safari/537.36"
::1 administrative 1 "2017-02-06 19:16:58" http://localhost:8888/ojs-3.0.1/index.php/jnsamr/index 200 "Mozilla/5.0 (Macintosh; Intel Mac OS X 10_10_5) AppleWebKit/537.36 (KHTML, like Gecko) Chrome/57.0.2987.21 Safari/537.36"
::1 administrative 1 "2017-02-06 19:17:03" http://localhost:8888/ojs-3.0.1/index.php/jnsamr/index 200 "Mozilla/5.0 (Macintosh; Intel Mac OS X 10_10_5) AppleWebKit/537.36 (KHTML, like Gecko) Chrome/57.0.2987.21 Safari/537.36"
::1 administrative 1 "2017-02-06 19:17:21" http://localhost:8888/ojs-3.0.1/index.php/jnsamr/index 200 "Mozilla/5.0 (Macintosh; Intel Mac OS X 10_10_5) AppleWebKit/537.36 (KHTML, like Gecko) Chrome/57.0.2987.21 Safari/537.36"
::1 administrative 1 "2017-02-06 19:17:51" http://localhost:8888/ojs-3.0.1/index.php/jnsamr/index 200 "Mozilla/5.0 (Macintosh; Intel Mac OS X 10_10_5) AppleWebKit/537.36 (KHTML, like Gecko) Chrome/57.0.2987.21 Safari/537.36"
::1 administrative 1 "2017-02-06 19:18:16" http://localhost:8888/ojs-3.0.1/index.php/jnsamr/index 200 "Mozilla/5.0 (Macintosh; Intel Mac OS X 10_10_5) AppleWebKit/537.36 (KHTML, like Gecko) Chrome/57.0.2987.21 Safari/537.36"
::1 administrative 1 "2017-02-06 19:18:31" http://localhost:8888/ojs-3.0.1/index.php/jnsamr/index 200 "Mozilla/5.0 (Macintosh; Intel Mac OS X 10_10_5) AppleWebKit/537.36 (KHTML, like Gecko) Chrome/57.0.2987.21 Safari/537.36"
::1 administrative 1 "2017-02-06 19:18:39" http://localhost:8888/ojs-3.0.1/index.php/jnsamr/index 200 "Mozilla/5.0 (Macintosh; Intel Mac OS X 10_10_5) AppleWebKit/537.36 (KHTML, like Gecko) Chrome/57.0.2987.21 Safari/537.36"
::1 administrative 1 "2017-02-06 19:18:53" http://localhost:8888/ojs-3.0.1/index.php/jnsamr/index 200 "Mozilla/5.0 (Macintosh; Intel Mac OS X 10_10_5) AppleWebKit/537.36 (KHTML, like Gecko) Chrome/57.0.2987.21 Safari/537.36"
::1 administrative 1 "2017-02-06 19:20:21" http://localhost:8888/ojs-3.0.1/index.php/jnsamr/index 200 "Mozilla/5.0 (Macintosh; Intel Mac OS X 10_10_5) AppleWebKit/537.36 (KHTML, like Gecko) Chrome/57.0.2987.21 Safari/537.36"
::1 administrative 1 "2017-02-06 19:21:03" http://localhost:8888/ojs-3.0.1/index.php/jnsamr/index 200 "Mozilla/5.0 (Macintosh; Intel Mac OS X 10_10_5) AppleWebKit/537.36 (KHTML, like Gecko) Chrome/57.0.2987.21 Safari/537.36"
::1 administrative 1 "2017-02-06 19:21:47" http://localhost:8888/ojs-3.0.1/index.php/jnsamr/index 200 "Mozilla/5.0 (Macintosh; Intel Mac OS X 10_10_5) AppleWebKit/537.36 (KHTML, like Gecko) Chrome/57.0.2987.21 Safari/537.36"
::1 administrative 1 "2017-02-06 19:23:02" http://localhost:8888/ojs-3.0.1/index.php/jnsamr/index 200 "Mozilla/5.0 (Macintosh; Intel Mac OS X 10_10_5) AppleWebKit/537.36 (KHTML, like Gecko) Chrome/57.0.2987.21 Safari/537.36"
::1 administrative 1 "2017-02-06 19:23:48" http://localhost:8888/ojs-3.0.1/index.php/jnsamr/index 200 "Mozilla/5.0 (Macintosh; Intel Mac OS X 10_10_5) AppleWebKit/537.36 (KHTML, like Gecko) Chrome/57.0.2987.21 Safari/537.36"
::1 administrative 1 "2017-02-06 19:23:54" http://localhost:8888/ojs-3.0.1/index.php/jnsamr/index 200 "Mozilla/5.0 (Macintosh; Intel Mac OS X 10_10_5) AppleWebKit/537.36 (KHTML, like Gecko) Chrome/57.0.2987.21 Safari/537.36"
::1 administrative 1 "2017-02-06 19:23:57" http://localhost:8888/ojs-3.0.1/index.php/jnsamr/index 200 "Mozilla/5.0 (Macintosh; Intel Mac OS X 10_10_5) AppleWebKit/537.36 (KHTML, like Gecko) Chrome/57.0.2987.21 Safari/537.36"
::1 administrative 1 "2017-02-06 19:25:03" http://localhost:8888/ojs-3.0.1/index.php/jnsamr/index 200 "Mozilla/5.0 (Macintosh; Intel Mac OS X 10_10_5) AppleWebKit/537.36 (KHTML, like Gecko) Chrome/57.0.2987.21 Safari/537.36"
::1 administrative 1 "2017-02-06 19:25:22" http://localhost:8888/ojs-3.0.1/index.php/jnsamr/index 200 "Mozilla/5.0 (Macintosh; Intel Mac OS X 10_10_5) AppleWebKit/537.36 (KHTML, like Gecko) Chrome/57.0.2987.21 Safari/537.36"
::1 administrative 1 "2017-02-06 19:25:34" http://localhost:8888/ojs-3.0.1/index.php/jnsamr/index 200 "Mozilla/5.0 (Macintosh; Intel Mac OS X 10_10_5) AppleWebKit/537.36 (KHTML, like Gecko) Chrome/57.0.2987.21 Safari/537.36"
::1 administrative 1 "2017-02-06 19:26:01" http://localhost:8888/ojs-3.0.1/index.php/jnsamr/index 200 "Mozilla/5.0 (Macintosh; Intel Mac OS X 10_10_5) AppleWebKit/537.36 (KHTML, like Gecko) Chrome/57.0.2987.21 Safari/537.36"
::1 administrative 1 "2017-02-06 19:26:07" http://localhost:8888/ojs-3.0.1/index.php/jnsamr/index 200 "Mozilla/5.0 (Macintosh; Intel Mac OS X 10_10_5) AppleWebKit/537.36 (KHTML, like Gecko) Chrome/57.0.2987.21 Safari/537.36"
::1 administrative 1 "2017-02-06 19:27:12" http://localhost:8888/ojs-3.0.1/index.php/jnsamr/index 200 "Mozilla/5.0 (Macintosh; Intel Mac OS X 10_10_5) AppleWebKit/537.36 (KHTML, like Gecko) Chrome/57.0.2987.21 Safari/537.36"
::1 administrative 1 "2017-02-06 19:27:17" http://localhost:8888/ojs-3.0.1/index.php/jnsamr/index 200 "Mozilla/5.0 (Macintosh; Intel Mac OS X 10_10_5) AppleWebKit/537.36 (KHTML, like Gecko) Chrome/57.0.2987.21 Safari/537.36"
::1 administrative 1 "2017-02-06 19:28:31" http://localhost:8888/ojs-3.0.1/index.php/jnsamr/index 200 "Mozilla/5.0 (Macintosh; Intel Mac OS X 10_10_5) AppleWebKit/537.36 (KHTML, like Gecko) Chrome/57.0.2987.21 Safari/537.36"
::1 administrative 1 "2017-02-06 19:28:51" http://localhost:8888/ojs-3.0.1/index.php/jnsamr/index 200 "Mozilla/5.0 (Macintosh; Intel Mac OS X 10_10_5) AppleWebKit/537.36 (KHTML, like Gecko) Chrome/57.0.2987.21 Safari/537.36"
::1 administrative 1 "2017-02-06 19:30:08" http://localhost:8888/ojs-3.0.1/index.php/jnsamr/index 200 "Mozilla/5.0 (Macintosh; Intel Mac OS X 10_10_5) AppleWebKit/537.36 (KHTML, like Gecko) Chrome/57.0.2987.21 Safari/537.36"
::1 administrative 1 "2017-02-06 19:30:26" http://localhost:8888/ojs-3.0.1/index.php/jnsamr/index 200 "Mozilla/5.0 (Macintosh; Intel Mac OS X 10_10_5) AppleWebKit/537.36 (KHTML, like Gecko) Chrome/57.0.2987.21 Safari/537.36"
::1 administrative 1 "2017-02-06 19:31:45" http://localhost:8888/ojs-3.0.1/index.php/jnsamr/index 200 "Mozilla/5.0 (Macintosh; Intel Mac OS X 10_10_5) AppleWebKit/537.36 (KHTML, like Gecko) Chrome/57.0.2987.21 Safari/537.36"
::1 administrative 1 "2017-02-06 19:31:50" http://localhost:8888/ojs-3.0.1/index.php/jnsamr/index 200 "Mozilla/5.0 (Macintosh; Intel Mac OS X 10_10_5) AppleWebKit/537.36 (KHTML, like Gecko) Chrome/57.0.2987.21 Safari/537.36"
::1 administrative 1 "2017-02-06 19:33:10" http://localhost:8888/ojs-3.0.1/index.php/jnsamr/index 200 "Mozilla/5.0 (Macintosh; Intel Mac OS X 10_10_5) AppleWebKit/537.36 (KHTML, like Gecko) Chrome/57.0.2987.21 Safari/537.36"
::1 administrative 1 "2017-02-06 19:33:13" http://localhost:8888/ojs-3.0.1/index.php/jnsamr/index 200 "Mozilla/5.0 (Macintosh; Intel Mac OS X 10_10_5) AppleWebKit/537.36 (KHTML, like Gecko) Chrome/57.0.2987.21 Safari/537.36"
::1 administrative 1 "2017-02-06 19:33:20" http://localhost:8888/ojs-3.0.1/index.php/jnsamr/index 200 "Mozilla/5.0 (Macintosh; Intel Mac OS X 10_10_5) AppleWebKit/537.36 (KHTML, like Gecko) Chrome/57.0.2987.21 Safari/537.36"
::1 administrative 1 "2017-02-06 19:34:15" http://localhost:8888/ojs-3.0.1/index.php/jnsamr/index 200 "Mozilla/5.0 (Macintosh; Intel Mac OS X 10_10_5) AppleWebKit/537.36 (KHTML, like Gecko) Chrome/57.0.2987.21 Safari/537.36"
::1 administrative 1 "2017-02-06 19:34:26" http://localhost:8888/ojs-3.0.1/index.php/jnsamr/index 200 "Mozilla/5.0 (Macintosh; Intel Mac OS X 10_10_5) AppleWebKit/537.36 (KHTML, like Gecko) Chrome/57.0.2987.21 Safari/537.36"
::1 administrative 1 "2017-02-06 19:34:59" http://localhost:8888/ojs-3.0.1/index.php/jnsamr/index 200 "Mozilla/5.0 (Macintosh; Intel Mac OS X 10_10_5) AppleWebKit/537.36 (KHTML, like Gecko) Chrome/57.0.2987.21 Safari/537.36"
::1 administrative 1 "2017-02-06 19:35:03" http://localhost:8888/ojs-3.0.1/index.php/jnsamr/index 200 "Mozilla/5.0 (Macintosh; Intel Mac OS X 10_10_5) AppleWebKit/537.36 (KHTML, like Gecko) Chrome/57.0.2987.21 Safari/537.36"
::1 administrative 1 "2017-02-06 19:35:04" http://localhost:8888/ojs-3.0.1/index.php/jnsamr/index 200 "Mozilla/5.0 (Macintosh; Intel Mac OS X 10_10_5) AppleWebKit/537.36 (KHTML, like Gecko) Chrome/57.0.2987.21 Safari/537.36"
::1 administrative 1 "2017-02-06 19:35:21" http://localhost:8888/ojs-3.0.1/index.php/jnsamr/index 200 "Mozilla/5.0 (Macintosh; Intel Mac OS X 10_10_5) AppleWebKit/537.36 (KHTML, like Gecko) Chrome/57.0.2987.21 Safari/537.36"
::1 administrative 1 "2017-02-06 19:35:25" http://localhost:8888/ojs-3.0.1/index.php/jnsamr/index 200 "Mozilla/5.0 (Macintosh; Intel Mac OS X 10_10_5) AppleWebKit/537.36 (KHTML, like Gecko) Chrome/57.0.2987.21 Safari/537.36"
::1 administrative 1 "2017-02-06 19:35:45" http://localhost:8888/ojs-3.0.1/index.php/jnsamr/index 200 "Mozilla/5.0 (Macintosh; Intel Mac OS X 10_10_5) AppleWebKit/537.36 (KHTML, like Gecko) Chrome/57.0.2987.21 Safari/537.36"
::1 administrative 1 "2017-02-06 19:35:57" http://localhost:8888/ojs-3.0.1/index.php/jnsamr/issue/view/1 200 "Mozilla/5.0 (Macintosh; Intel Mac OS X 10_10_5) AppleWebKit/537.36 (KHTML, like Gecko) Chrome/57.0.2987.21 Safari/537.36"
::1 administrative 1 "2017-02-06 19:37:08" http://localhost:8888/ojs-3.0.1/index.php/jnsamr/issue/view/1 200 "Mozilla/5.0 (Macintosh; Intel Mac OS X 10_10_5) AppleWebKit/537.36 (KHTML, like Gecko) Chrome/57.0.2987.21 Safari/537.36"
::1 administrative 1 "2017-02-06 19:37:16" http://localhost:8888/ojs-3.0.1/index.php/jnsamr/issue/view/1 200 "Mozilla/5.0 (Macintosh; Intel Mac OS X 10_10_5) AppleWebKit/537.36 (KHTML, like Gecko) Chrome/57.0.2987.21 Safari/537.36"
::1 administrative 1 "2017-02-06 19:37:18" http://localhost:8888/ojs-3.0.1/index.php/jnsamr/issue/view/1 200 "Mozilla/5.0 (Macintosh; Intel Mac OS X 10_10_5) AppleWebKit/537.36 (KHTML, like Gecko) Chrome/57.0.2987.21 Safari/537.36"
::1 administrative 1 "2017-02-06 19:37:58" http://localhost:8888/ojs-3.0.1/index.php/jnsamr/issue/view/1 200 "Mozilla/5.0 (Macintosh; Intel Mac OS X 10_10_5) AppleWebKit/537.36 (KHTML, like Gecko) Chrome/57.0.2987.21 Safari/537.36"
::1 administrative 1 "2017-02-06 19:38:06" http://localhost:8888/ojs-3.0.1/index.php/jnsamr/issue/view/1 200 "Mozilla/5.0 (Macintosh; Intel Mac OS X 10_10_5) AppleWebKit/537.36 (KHTML, like Gecko) Chrome/57.0.2987.21 Safari/537.36"
::1 administrative 1 "2017-02-06 19:40:28" http://localhost:8888/ojs-3.0.1/index.php/jnsamr/issue/view/1 200 "Mozilla/5.0 (Macintosh; Intel Mac OS X 10_10_5) AppleWebKit/537.36 (KHTML, like Gecko) Chrome/57.0.2987.21 Safari/537.36"
::1 administrative 1 "2017-02-06 19:40:36" http://localhost:8888/ojs-3.0.1/index.php/jnsamr/issue/view/1 200 "Mozilla/5.0 (Macintosh; Intel Mac OS X 10_10_5) AppleWebKit/537.36 (KHTML, like Gecko) Chrome/57.0.2987.21 Safari/537.36"
::1 administrative 1 "2017-02-06 19:42:12" http://localhost:8888/ojs-3.0.1/index.php/jnsamr/issue/view/1 200 "Mozilla/5.0 (Macintosh; Intel Mac OS X 10_10_5) AppleWebKit/537.36 (KHTML, like Gecko) Chrome/57.0.2987.21 Safari/537.36"
::1 administrative 1 "2017-02-06 19:42:20" http://localhost:8888/ojs-3.0.1/index.php/jnsamr/issue/view/1 200 "Mozilla/5.0 (Macintosh; Intel Mac OS X 10_10_5) AppleWebKit/537.36 (KHTML, like Gecko) Chrome/57.0.2987.21 Safari/537.36"
::1 administrative 1 "2017-02-06 19:42:57" http://localhost:8888/ojs-3.0.1/index.php/jnsamr/issue/view/1 200 "Mozilla/5.0 (Macintosh; Intel Mac OS X 10_10_5) AppleWebKit/537.36 (KHTML, like Gecko) Chrome/57.0.2987.21 Safari/537.36"
::1 administrative 1 "2017-02-06 19:43:19" http://localhost:8888/ojs-3.0.1/index.php/jnsamr/issue/view/1 200 "Mozilla/5.0 (Macintosh; Intel Mac OS X 10_10_5) AppleWebKit/537.36 (KHTML, like Gecko) Chrome/57.0.2987.21 Safari/537.36"
::1 administrative 1 "2017-02-06 19:43:58" http://localhost:8888/ojs-3.0.1/index.php/jnsamr/issue/view/1 200 "Mozilla/5.0 (Macintosh; Intel Mac OS X 10_10_5) AppleWebKit/537.36 (KHTML, like Gecko) Chrome/57.0.2987.21 Safari/537.36"
::1 administrative 1 "2017-02-06 19:45:42" http://localhost:8888/ojs-3.0.1/index.php/jnsamr/issue/view/1 200 "Mozilla/5.0 (Macintosh; Intel Mac OS X 10_10_5) AppleWebKit/537.36 (KHTML, like Gecko) Chrome/57.0.2987.21 Safari/537.36"
::1 administrative 1 "2017-02-06 19:45:43" http://localhost:8888/ojs-3.0.1/index.php/jnsamr/issue/view/1 200 "Mozilla/5.0 (Macintosh; Intel Mac OS X 10_10_5) AppleWebKit/537.36 (KHTML, like Gecko) Chrome/57.0.2987.21 Safari/537.36"
::1 administrative 1 "2017-02-06 19:45:48" http://localhost:8888/ojs-3.0.1/index.php/jnsamr/issue/view/1 200 "Mozilla/5.0 (Macintosh; Intel Mac OS X 10_10_5) AppleWebKit/537.36 (KHTML, like Gecko) Chrome/57.0.2987.21 Safari/537.36"
::1 administrative 1 "2017-02-06 19:45:49" http://localhost:8888/ojs-3.0.1/index.php/jnsamr/issue/view/1 200 "Mozilla/5.0 (Macintosh; Intel Mac OS X 10_10_5) AppleWebKit/537.36 (KHTML, like Gecko) Chrome/57.0.2987.21 Safari/537.36"
::1 administrative 1 "2017-02-06 19:46:22" http://localhost:8888/ojs-3.0.1/index.php/jnsamr/issue/view/1 200 "Mozilla/5.0 (Macintosh; Intel Mac OS X 10_10_5) AppleWebKit/537.36 (KHTML, like Gecko) Chrome/57.0.2987.21 Safari/537.36"
::1 administrative 1 "2017-02-06 19:47:59" http://localhost:8888/ojs-3.0.1/index.php/jnsamr/issue/view/1 200 "Mozilla/5.0 (Macintosh; Intel Mac OS X 10_10_5) AppleWebKit/537.36 (KHTML, like Gecko) Chrome/57.0.2987.21 Safari/537.36"
::1 administrative 1 "2017-02-06 19:48:04" http://localhost:8888/ojs-3.0.1/index.php/jnsamr/issue/view/1 200 "Mozilla/5.0 (Macintosh; Intel Mac OS X 10_10_5) AppleWebKit/537.36 (KHTML, like Gecko) Chrome/57.0.2987.21 Safari/537.36"
::1 administrative 1 "2017-02-06 19:48:47" http://localhost:8888/ojs-3.0.1/index.php/jnsamr/issue/view/1 200 "Mozilla/5.0 (Macintosh; Intel Mac OS X 10_10_5) AppleWebKit/537.36 (KHTML, like Gecko) Chrome/57.0.2987.21 Safari/537.36"
::1 administrative 1 "2017-02-06 19:48:52" http://localhost:8888/ojs-3.0.1/index.php/jnsamr/issue/view/1 200 "Mozilla/5.0 (Macintosh; Intel Mac OS X 10_10_5) AppleWebKit/537.36 (KHTML, like Gecko) Chrome/57.0.2987.21 Safari/537.36"
::1 administrative 1 "2017-02-06 19:49:32" http://localhost:8888/ojs-3.0.1/index.php/jnsamr/issue/view/1 200 "Mozilla/5.0 (Macintosh; Intel Mac OS X 10_10_5) AppleWebKit/537.36 (KHTML, like Gecko) Chrome/57.0.2987.21 Safari/537.36"
::1 administrative 1 "2017-02-06 19:50:13" http://localhost:8888/ojs-3.0.1/index.php/jnsamr/issue/view/1 200 "Mozilla/5.0 (Macintosh; Intel Mac OS X 10_10_5) AppleWebKit/537.36 (KHTML, like Gecko) Chrome/57.0.2987.21 Safari/537.36"
::1 administrative 1 "2017-02-06 19:50:17" http://localhost:8888/ojs-3.0.1/index.php/jnsamr/issue/view/1 200 "Mozilla/5.0 (Macintosh; Intel Mac OS X 10_10_5) AppleWebKit/537.36 (KHTML, like Gecko) Chrome/57.0.2987.21 Safari/537.36"
::1 administrative 1 "2017-02-06 19:51:33" http://localhost:8888/ojs-3.0.1/index.php/jnsamr/issue/view/1 200 "Mozilla/5.0 (Macintosh; Intel Mac OS X 10_10_5) AppleWebKit/537.36 (KHTML, like Gecko) Chrome/57.0.2987.21 Safari/537.36"
::1 administrative 1 "2017-02-06 19:51:37" http://localhost:8888/ojs-3.0.1/index.php/jnsamr/issue/view/1 200 "Mozilla/5.0 (Macintosh; Intel Mac OS X 10_10_5) AppleWebKit/537.36 (KHTML, like Gecko) Chrome/57.0.2987.21 Safari/537.36"
::1 administrative 1 "2017-02-06 19:52:01" http://localhost:8888/ojs-3.0.1/index.php/jnsamr/issue/view/1 200 "Mozilla/5.0 (Macintosh; Intel Mac OS X 10_10_5) AppleWebKit/537.36 (KHTML, like Gecko) Chrome/57.0.2987.21 Safari/537.36"
::1 administrative 1 "2017-02-06 19:52:05" http://localhost:8888/ojs-3.0.1/index.php/jnsamr/issue/view/1 200 "Mozilla/5.0 (Macintosh; Intel Mac OS X 10_10_5) AppleWebKit/537.36 (KHTML, like Gecko) Chrome/57.0.2987.21 Safari/537.36"
::1 administrative 1 "2017-02-06 19:54:00" http://localhost:8888/ojs-3.0.1/index.php/jnsamr/issue/view/1 200 "Mozilla/5.0 (Macintosh; Intel Mac OS X 10_10_5) AppleWebKit/537.36 (KHTML, like Gecko) Chrome/57.0.2987.21 Safari/537.36"
::1 administrative 1 "2017-02-06 19:55:17" http://localhost:8888/ojs-3.0.1/index.php/jnsamr/issue/view/1 200 "Mozilla/5.0 (Macintosh; Intel Mac OS X 10_10_5) AppleWebKit/537.36 (KHTML, like Gecko) Chrome/57.0.2987.21 Safari/537.36"
::1 administrative 1 "2017-02-06 19:55:24" http://localhost:8888/ojs-3.0.1/index.php/jnsamr/issue/view/1 200 "Mozilla/5.0 (Macintosh; Intel Mac OS X 10_10_5) AppleWebKit/537.36 (KHTML, like Gecko) Chrome/57.0.2987.21 Safari/537.36"
::1 administrative 1 "2017-02-06 19:55:36" http://localhost:8888/ojs-3.0.1/index.php/jnsamr/issue/view/1 200 "Mozilla/5.0 (Macintosh; Intel Mac OS X 10_10_5) AppleWebKit/537.36 (KHTML, like Gecko) Chrome/57.0.2987.21 Safari/537.36"
::1 administrative 1 "2017-02-06 19:55:47" http://localhost:8888/ojs-3.0.1/index.php/jnsamr/article/view/1 200 "Mozilla/5.0 (Macintosh; Intel Mac OS X 10_10_5) AppleWebKit/537.36 (KHTML, like Gecko) Chrome/57.0.2987.21 Safari/537.36"
::1 administrative 1 "2017-02-06 19:55:52" http://localhost:8888/ojs-3.0.1/index.php/jnsamr/issue/view/1 200 "Mozilla/5.0 (Macintosh; Intel Mac OS X 10_10_5) AppleWebKit/537.36 (KHTML, like Gecko) Chrome/57.0.2987.21 Safari/537.36"
::1 administrative 1 "2017-02-06 19:55:54" http://localhost:8888/ojs-3.0.1/index.php/jnsamr/issue/view/1 200 "Mozilla/5.0 (Macintosh; Intel Mac OS X 10_10_5) AppleWebKit/537.36 (KHTML, like Gecko) Chrome/57.0.2987.21 Safari/537.36"
::1 administrative 1 "2017-02-06 19:55:57" http://localhost:8888/ojs-3.0.1/index.php/jnsamr/issue/view/1 200 "Mozilla/5.0 (Macintosh; Intel Mac OS X 10_10_5) AppleWebKit/537.36 (KHTML, like Gecko) Chrome/57.0.2987.21 Safari/537.36"
::1 administrative 1 "2017-02-06 19:55:59" http://localhost:8888/ojs-3.0.1/index.php/jnsamr/issue/view/1 200 "Mozilla/5.0 (Macintosh; Intel Mac OS X 10_10_5) AppleWebKit/537.36 (KHTML, like Gecko) Chrome/57.0.2987.21 Safari/537.36"
::1 administrative 1 "2017-02-06 19:56:03" http://localhost:8888/ojs-3.0.1/index.php/jnsamr/index 200 "Mozilla/5.0 (Macintosh; Intel Mac OS X 10_10_5) AppleWebKit/537.36 (KHTML, like Gecko) Chrome/57.0.2987.21 Safari/537.36"
::1 administrative 1 "2017-02-06 19:59:22" http://localhost:8888/ojs-3.0.1/index.php/jnsamr/index 200 "Mozilla/5.0 (Macintosh; Intel Mac OS X 10_10_5) AppleWebKit/537.36 (KHTML, like Gecko) Chrome/57.0.2987.21 Safari/537.36"
::1 administrative 1 "2017-02-06 20:01:31" http://localhost:8888/ojs-3.0.1/index.php/jnsamr/index 200 "Mozilla/5.0 (Macintosh; Intel Mac OS X 10_10_5) AppleWebKit/537.36 (KHTML, like Gecko) Chrome/57.0.2987.21 Safari/537.36"
::1 administrative 1 "2017-02-06 20:01:41" http://localhost:8888/ojs-3.0.1/index.php/jnsamr/index 200 "Mozilla/5.0 (Macintosh; Intel Mac OS X 10_10_5) AppleWebKit/537.36 (KHTML, like Gecko) Chrome/57.0.2987.21 Safari/537.36"
::1 administrative 1 "2017-02-06 20:06:44" http://localhost:8888/ojs-3.0.1/index.php/jnsamr/index 200 "Mozilla/5.0 (Macintosh; Intel Mac OS X 10_10_5) AppleWebKit/537.36 (KHTML, like Gecko) Chrome/57.0.2987.21 Safari/537.36"
::1 administrative 1 "2017-02-06 20:06:51" http://localhost:8888/ojs-3.0.1/index.php/jnsamr/index 200 "Mozilla/5.0 (Macintosh; Intel Mac OS X 10_10_5) AppleWebKit/537.36 (KHTML, like Gecko) Chrome/57.0.2987.21 Safari/537.36"
::1 administrative 1 "2017-02-06 20:07:05" http://localhost:8888/ojs-3.0.1/index.php/jnsamr/index 200 "Mozilla/5.0 (Macintosh; Intel Mac OS X 10_10_5) AppleWebKit/537.36 (KHTML, like Gecko) Chrome/57.0.2987.21 Safari/537.36"
::1 administrative 1 "2017-02-06 20:07:10" http://localhost:8888/ojs-3.0.1/index.php/jnsamr/index 200 "Mozilla/5.0 (Macintosh; Intel Mac OS X 10_10_5) AppleWebKit/537.36 (KHTML, like Gecko) Chrome/57.0.2987.21 Safari/537.36"
::1 administrative 1 "2017-02-06 20:07:49" http://localhost:8888/ojs-3.0.1/index.php/jnsamr/index 200 "Mozilla/5.0 (Macintosh; Intel Mac OS X 10_10_5) AppleWebKit/537.36 (KHTML, like Gecko) Chrome/57.0.2987.21 Safari/537.36"
::1 administrative 1 "2017-02-06 20:07:53" http://localhost:8888/ojs-3.0.1/index.php/jnsamr/index 200 "Mozilla/5.0 (Macintosh; Intel Mac OS X 10_10_5) AppleWebKit/537.36 (KHTML, like Gecko) Chrome/57.0.2987.21 Safari/537.36"
::1 administrative 1 "2017-02-06 20:09:13" http://localhost:8888/ojs-3.0.1/index.php/jnsamr/index 200 "Mozilla/5.0 (Macintosh; Intel Mac OS X 10_10_5) AppleWebKit/537.36 (KHTML, like Gecko) Chrome/57.0.2987.21 Safari/537.36"
::1 administrative 1 "2017-02-06 20:09:25" http://localhost:8888/ojs-3.0.1/index.php/jnsamr/article/view/1 200 "Mozilla/5.0 (Macintosh; Intel Mac OS X 10_10_5) AppleWebKit/537.36 (KHTML, like Gecko) Chrome/57.0.2987.21 Safari/537.36"
::1 administrative 1 "2017-02-06 20:09:32" http://localhost:8888/ojs-3.0.1/index.php/jnsamr/index 200 "Mozilla/5.0 (Macintosh; Intel Mac OS X 10_10_5) AppleWebKit/537.36 (KHTML, like Gecko) Chrome/57.0.2987.21 Safari/537.36"
::1 administrative 1 "2017-02-06 20:13:26" http://localhost:8888/ojs-3.0.1/index.php/jnsamr/issue/view/2 200 "Mozilla/5.0 (Macintosh; Intel Mac OS X 10_10_5) AppleWebKit/537.36 (KHTML, like Gecko) Chrome/57.0.2987.21 Safari/537.36"
::1 administrative 1 "2017-02-06 20:17:21" http://localhost:8888/ojs-3.0.1/index.php/jnsamr/index 200 "Mozilla/5.0 (Macintosh; Intel Mac OS X 10_10_5) AppleWebKit/537.36 (KHTML, like Gecko) Chrome/57.0.2987.21 Safari/537.36"
::1 administrative 1 "2017-02-06 20:17:26" http://localhost:8888/ojs-3.0.1/index.php/jnsamr/issue/view/1 200 "Mozilla/5.0 (Macintosh; Intel Mac OS X 10_10_5) AppleWebKit/537.36 (KHTML, like Gecko) Chrome/57.0.2987.21 Safari/537.36"
::1 administrative 1 "2017-02-06 20:20:18" http://localhost:8888/ojs-3.0.1/index.php/jnsamr/issue/view/2 200 "Mozilla/5.0 (Macintosh; Intel Mac OS X 10_10_5) AppleWebKit/537.36 (KHTML, like Gecko) Chrome/57.0.2987.21 Safari/537.36"
::1 administrative 1 "2017-02-06 20:20:46" http://localhost:8888/ojs-3.0.1/index.php/jnsamr/issue/view/1 200 "Mozilla/5.0 (Macintosh; Intel Mac OS X 10_10_5) AppleWebKit/537.36 (KHTML, like Gecko) Chrome/57.0.2987.21 Safari/537.36"
::1 administrative 1 "2017-02-06 20:20:47" http://localhost:8888/ojs-3.0.1/index.php/jnsamr/issue/view/1 200 "Mozilla/5.0 (Macintosh; Intel Mac OS X 10_10_5) AppleWebKit/537.36 (KHTML, like Gecko) Chrome/57.0.2987.21 Safari/537.36"
::1 administrative 1 "2017-02-06 20:20:50" http://localhost:8888/ojs-3.0.1/index.php/jnsamr/issue/view/2 200 "Mozilla/5.0 (Macintosh; Intel Mac OS X 10_10_5) AppleWebKit/537.36 (KHTML, like Gecko) Chrome/57.0.2987.21 Safari/537.36"
::1 administrative 1 "2017-02-06 20:20:59" http://localhost:8888/ojs-3.0.1/index.php/jnsamr/issue/view/2 200 "Mozilla/5.0 (Macintosh; Intel Mac OS X 10_10_5) AppleWebKit/537.36 (KHTML, like Gecko) Chrome/57.0.2987.21 Safari/537.36"
::1 administrative 1 "2017-02-06 20:21:01" http://localhost:8888/ojs-3.0.1/index.php/jnsamr/issue/view/2 200 "Mozilla/5.0 (Macintosh; Intel Mac OS X 10_10_5) AppleWebKit/537.36 (KHTML, like Gecko) Chrome/57.0.2987.21 Safari/537.36"
::1 administrative 1 "2017-02-06 20:21:05" http://localhost:8888/ojs-3.0.1/index.php/jnsamr/issue/view/2 200 "Mozilla/5.0 (Macintosh; Intel Mac OS X 10_10_5) AppleWebKit/537.36 (KHTML, like Gecko) Chrome/57.0.2987.21 Safari/537.36"
::1 administrative 1 "2017-02-06 20:21:10" http://localhost:8888/ojs-3.0.1/index.php/jnsamr/issue/download/2/4 200 "Mozilla/5.0 (Macintosh; Intel Mac OS X 10_10_5) AppleWebKit/537.36 (KHTML, like Gecko) Chrome/57.0.2987.21 Safari/537.36"
::1 administrative 1 "2017-02-06 20:21:17" http://localhost:8888/ojs-3.0.1/index.php/jnsamr/issue/download/2/2 200 "Mozilla/5.0 (Macintosh; Intel Mac OS X 10_10_5) AppleWebKit/537.36 (KHTML, like Gecko) Chrome/57.0.2987.21 Safari/537.36"
::1 administrative 1 "2017-02-06 20:21:37" http://localhost:8888/ojs-3.0.1/index.php/jnsamr/issue/view/2 200 "Mozilla/5.0 (Macintosh; Intel Mac OS X 10_10_5) AppleWebKit/537.36 (KHTML, like Gecko) Chrome/57.0.2987.21 Safari/537.36"
::1 administrative 1 "2017-02-06 20:21:41" http://localhost:8888/ojs-3.0.1/index.php/jnsamr/issue/view/2 200 "Mozilla/5.0 (Macintosh; Intel Mac OS X 10_10_5) AppleWebKit/537.36 (KHTML, like Gecko) Chrome/57.0.2987.21 Safari/537.36"
::1 administrative 1 "2017-02-06 20:21:44" http://localhost:8888/ojs-3.0.1/index.php/jnsamr/article/view/2 200 "Mozilla/5.0 (Macintosh; Intel Mac OS X 10_10_5) AppleWebKit/537.36 (KHTML, like Gecko) Chrome/57.0.2987.21 Safari/537.36"
::1 administrative 1 "2017-02-06 20:21:46" http://localhost:8888/ojs-3.0.1/index.php/jnsamr/issue/view/2 200 "Mozilla/5.0 (Macintosh; Intel Mac OS X 10_10_5) AppleWebKit/537.36 (KHTML, like Gecko) Chrome/57.0.2987.21 Safari/537.36"
::1 administrative 1 "2017-02-06 20:21:47" http://localhost:8888/ojs-3.0.1/index.php/jnsamr/article/view/2 200 "Mozilla/5.0 (Macintosh; Intel Mac OS X 10_10_5) AppleWebKit/537.36 (KHTML, like Gecko) Chrome/57.0.2987.21 Safari/537.36"
::1 administrative 1 "2017-02-06 20:22:08" http://localhost:8888/ojs-3.0.1/index.php/jnsamr/issue/view/2 200 "Mozilla/5.0 (Macintosh; Intel Mac OS X 10_10_5) AppleWebKit/537.36 (KHTML, like Gecko) Chrome/57.0.2987.21 Safari/537.36"
::1 administrative 1 "2017-02-06 20:22:30" http://localhost:8888/ojs-3.0.1/index.php/jnsamr/issue/view/2 200 "Mozilla/5.0 (Macintosh; Intel Mac OS X 10_10_5) AppleWebKit/537.36 (KHTML, like Gecko) Chrome/57.0.2987.21 Safari/537.36"
::1 administrative 1 "2017-02-06 20:22:32" http://localhost:8888/ojs-3.0.1/index.php/jnsamr/issue/view/1 200 "Mozilla/5.0 (Macintosh; Intel Mac OS X 10_10_5) AppleWebKit/537.36 (KHTML, like Gecko) Chrome/57.0.2987.21 Safari/537.36"
::1 administrative 1 "2017-02-06 20:22:37" http://localhost:8888/ojs-3.0.1/index.php/jnsamr/issue/view/1 200 "Mozilla/5.0 (Macintosh; Intel Mac OS X 10_10_5) AppleWebKit/537.36 (KHTML, like Gecko) Chrome/57.0.2987.21 Safari/537.36"
::1 administrative 1 "2017-02-06 20:22:41" http://localhost:8888/ojs-3.0.1/index.php/jnsamr/index 200 "Mozilla/5.0 (Macintosh; Intel Mac OS X 10_10_5) AppleWebKit/537.36 (KHTML, like Gecko) Chrome/57.0.2987.21 Safari/537.36"
::1 administrative 1 "2017-02-06 20:23:10" http://localhost:8888/ojs-3.0.1/index.php/jnsamr/issue/view/2 200 "Mozilla/5.0 (Macintosh; Intel Mac OS X 10_10_5) AppleWebKit/537.36 (KHTML, like Gecko) Chrome/57.0.2987.21 Safari/537.36"
::1 administrative 1 "2017-02-06 20:27:04" http://localhost:8888/ojs-3.0.1/index.php/jnsamr/issue/view/2 200 "Mozilla/5.0 (Macintosh; Intel Mac OS X 10_10_5) AppleWebKit/537.36 (KHTML, like Gecko) Chrome/57.0.2987.21 Safari/537.36"
::1 administrative 1 "2017-02-06 20:27:10" http://localhost:8888/ojs-3.0.1/index.php/jnsamr/issue/view/2 200 "Mozilla/5.0 (Macintosh; Intel Mac OS X 10_10_5) AppleWebKit/537.36 (KHTML, like Gecko) Chrome/57.0.2987.21 Safari/537.36"
::1 administrative 1 "2017-02-06 20:27:39" http://localhost:8888/ojs-3.0.1/index.php/jnsamr/issue/view/2 200 "Mozilla/5.0 (Macintosh; Intel Mac OS X 10_10_5) AppleWebKit/537.36 (KHTML, like Gecko) Chrome/57.0.2987.21 Safari/537.36"
::1 administrative 1 "2017-02-06 20:27:42" http://localhost:8888/ojs-3.0.1/index.php/jnsamr/issue/view/2 200 "Mozilla/5.0 (Macintosh; Intel Mac OS X 10_10_5) AppleWebKit/537.36 (KHTML, like Gecko) Chrome/57.0.2987.21 Safari/537.36"
::1 administrative 1 "2017-02-06 20:27:48" http://localhost:8888/ojs-3.0.1/index.php/jnsamr/issue/view/2 200 "Mozilla/5.0 (Macintosh; Intel Mac OS X 10_10_5) AppleWebKit/537.36 (KHTML, like Gecko) Chrome/57.0.2987.21 Safari/537.36"
::1 administrative 1 "2017-02-06 20:28:34" http://localhost:8888/ojs-3.0.1/index.php/jnsamr/issue/view/2 200 "Mozilla/5.0 (Macintosh; Intel Mac OS X 10_10_5) AppleWebKit/537.36 (KHTML, like Gecko) Chrome/57.0.2987.21 Safari/537.36"
::1 administrative 1 "2017-02-06 20:29:10" http://localhost:8888/ojs-3.0.1/index.php/jnsamr/issue/view/2 200 "Mozilla/5.0 (Macintosh; Intel Mac OS X 10_10_5) AppleWebKit/537.36 (KHTML, like Gecko) Chrome/57.0.2987.21 Safari/537.36"
::1 administrative 1 "2017-02-06 20:31:19" http://localhost:8888/ojs-3.0.1/index.php/jnsamr/issue/view/2 200 "Mozilla/5.0 (Macintosh; Intel Mac OS X 10_10_5) AppleWebKit/537.36 (KHTML, like Gecko) Chrome/57.0.2987.21 Safari/537.36"
::1 administrative 1 "2017-02-06 20:31:49" http://localhost:8888/ojs-3.0.1/index.php/jnsamr/issue/view/2 200 "Mozilla/5.0 (Macintosh; Intel Mac OS X 10_10_5) AppleWebKit/537.36 (KHTML, like Gecko) Chrome/57.0.2987.21 Safari/537.36"
::1 administrative 1 "2017-02-06 20:31:54" http://localhost:8888/ojs-3.0.1/index.php/jnsamr/issue/view/2 200 "Mozilla/5.0 (Macintosh; Intel Mac OS X 10_10_5) AppleWebKit/537.36 (KHTML, like Gecko) Chrome/57.0.2987.21 Safari/537.36"
::1 administrative 1 "2017-02-06 20:33:04" http://localhost:8888/ojs-3.0.1/index.php/jnsamr/issue/view/2 200 "Mozilla/5.0 (Macintosh; Intel Mac OS X 10_10_5) AppleWebKit/537.36 (KHTML, like Gecko) Chrome/57.0.2987.21 Safari/537.36"
::1 administrative 1 "2017-02-06 20:33:07" http://localhost:8888/ojs-3.0.1/index.php/jnsamr/issue/view/1 200 "Mozilla/5.0 (Macintosh; Intel Mac OS X 10_10_5) AppleWebKit/537.36 (KHTML, like Gecko) Chrome/57.0.2987.21 Safari/537.36"
::1 administrative 1 "2017-02-06 20:33:10" http://localhost:8888/ojs-3.0.1/index.php/jnsamr/issue/view/2 200 "Mozilla/5.0 (Macintosh; Intel Mac OS X 10_10_5) AppleWebKit/537.36 (KHTML, like Gecko) Chrome/57.0.2987.21 Safari/537.36"
::1 administrative 1 "2017-02-06 20:33:14" http://localhost:8888/ojs-3.0.1/index.php/jnsamr/issue/view/1 200 "Mozilla/5.0 (Macintosh; Intel Mac OS X 10_10_5) AppleWebKit/537.36 (KHTML, like Gecko) Chrome/57.0.2987.21 Safari/537.36"
::1 administrative 1 "2017-02-06 20:54:06" http://localhost:8888/ojs-3.0.1/index.php/jnsamr/issue/view/2 200 "Mozilla/5.0 (Macintosh; Intel Mac OS X 10_10_5) AppleWebKit/537.36 (KHTML, like Gecko) Chrome/57.0.2987.21 Safari/537.36"
::1 administrative 1 "2017-02-06 20:54:48" http://localhost:8888/ojs-3.0.1/index.php/jnsamr/issue/view/2 200 "Mozilla/5.0 (Macintosh; Intel Mac OS X 10_10_5) AppleWebKit/537.36 (KHTML, like Gecko) Chrome/57.0.2987.21 Safari/537.36"
::1 administrative 1 "2017-02-06 20:55:09" http://localhost:8888/ojs-3.0.1/index.php/jnsamr/issue/view/2 200 "Mozilla/5.0 (Macintosh; Intel Mac OS X 10_10_5) AppleWebKit/537.36 (KHTML, like Gecko) Chrome/57.0.2987.21 Safari/537.36"
::1 administrative 1 "2017-02-06 20:55:14" http://localhost:8888/ojs-3.0.1/index.php/jnsamr/issue/view/2 200 "Mozilla/5.0 (Macintosh; Intel Mac OS X 10_10_5) AppleWebKit/537.36 (KHTML, like Gecko) Chrome/57.0.2987.21 Safari/537.36"
::1 administrative 1 "2017-02-06 21:00:08" http://localhost:8888/ojs-3.0.1/index.php/jnsamr/issue/view/2 200 "Mozilla/5.0 (Macintosh; Intel Mac OS X 10_10_5) AppleWebKit/537.36 (KHTML, like Gecko) Chrome/57.0.2987.21 Safari/537.36"
::1 administrative 1 "2017-02-06 21:00:19" http://localhost:8888/ojs-3.0.1/index.php/jnsamr/issue/view/2 200 "Mozilla/5.0 (Macintosh; Intel Mac OS X 10_10_5) AppleWebKit/537.36 (KHTML, like Gecko) Chrome/57.0.2987.21 Safari/537.36"
::1 administrative 1 "2017-02-06 21:00:23" http://localhost:8888/ojs-3.0.1/index.php/jnsamr/issue/view/2 200 "Mozilla/5.0 (Macintosh; Intel Mac OS X 10_10_5) AppleWebKit/537.36 (KHTML, like Gecko) Chrome/57.0.2987.21 Safari/537.36"
::1 administrative 1 "2017-02-06 21:03:28" http://localhost:8888/ojs-3.0.1/index.php/jnsamr/issue/view/2 200 "Mozilla/5.0 (Macintosh; Intel Mac OS X 10_10_5) AppleWebKit/537.36 (KHTML, like Gecko) Chrome/57.0.2987.21 Safari/537.36"
::1 administrative 1 "2017-02-06 21:07:16" http://localhost:8888/ojs-3.0.1/index.php/jnsamr/issue/view/2 200 "Mozilla/5.0 (Macintosh; Intel Mac OS X 10_10_5) AppleWebKit/537.36 (KHTML, like Gecko) Chrome/57.0.2987.21 Safari/537.36"
::1 administrative 1 "2017-02-06 21:10:25" http://localhost:8888/ojs-3.0.1/index.php/jnsamr/issue/view/2 200 "Mozilla/5.0 (Macintosh; Intel Mac OS X 10_10_5) AppleWebKit/537.36 (KHTML, like Gecko) Chrome/57.0.2987.21 Safari/537.36"
::1 administrative 1 "2017-02-06 21:10:27" http://localhost:8888/ojs-3.0.1/index.php/jnsamr/issue/view/2 200 "Mozilla/5.0 (Macintosh; Intel Mac OS X 10_10_5) AppleWebKit/537.36 (KHTML, like Gecko) Chrome/57.0.2987.21 Safari/537.36"
::1 administrative 1 "2017-02-06 21:10:36" http://localhost:8888/ojs-3.0.1/index.php/jnsamr/issue/view/2 200 "Mozilla/5.0 (Macintosh; Intel Mac OS X 10_10_5) AppleWebKit/537.36 (KHTML, like Gecko) Chrome/57.0.2987.21 Safari/537.36"
::1 administrative 1 "2017-02-06 21:10:55" http://localhost:8888/ojs-3.0.1/index.php/jnsamr/issue/view/2 200 "Mozilla/5.0 (Macintosh; Intel Mac OS X 10_10_5) AppleWebKit/537.36 (KHTML, like Gecko) Chrome/57.0.2987.21 Safari/537.36"
::1 administrative 1 "2017-02-06 21:11:20" http://localhost:8888/ojs-3.0.1/index.php/jnsamr/issue/view/2 200 "Mozilla/5.0 (Macintosh; Intel Mac OS X 10_10_5) AppleWebKit/537.36 (KHTML, like Gecko) Chrome/57.0.2987.21 Safari/537.36"
::1 administrative 1 "2017-02-06 21:11:46" http://localhost:8888/ojs-3.0.1/index.php/jnsamr/issue/view/2 200 "Mozilla/5.0 (Macintosh; Intel Mac OS X 10_10_5) AppleWebKit/537.36 (KHTML, like Gecko) Chrome/57.0.2987.21 Safari/537.36"
::1 administrative 1 "2017-02-06 21:12:29" http://localhost:8888/ojs-3.0.1/index.php/jnsamr/issue/view/2 200 "Mozilla/5.0 (Macintosh; Intel Mac OS X 10_10_5) AppleWebKit/537.36 (KHTML, like Gecko) Chrome/57.0.2987.21 Safari/537.36"
::1 administrative 1 "2017-02-06 21:12:47" http://localhost:8888/ojs-3.0.1/index.php/jnsamr/issue/view/2 200 "Mozilla/5.0 (Macintosh; Intel Mac OS X 10_10_5) AppleWebKit/537.36 (KHTML, like Gecko) Chrome/57.0.2987.21 Safari/537.36"
::1 administrative 1 "2017-02-06 21:12:52" http://localhost:8888/ojs-3.0.1/index.php/jnsamr/issue/view/2 200 "Mozilla/5.0 (Macintosh; Intel Mac OS X 10_10_5) AppleWebKit/537.36 (KHTML, like Gecko) Chrome/57.0.2987.21 Safari/537.36"
::1 administrative 1 "2017-02-06 21:13:30" http://localhost:8888/ojs-3.0.1/index.php/jnsamr/issue/view/2 200 "Mozilla/5.0 (Macintosh; Intel Mac OS X 10_10_5) AppleWebKit/537.36 (KHTML, like Gecko) Chrome/57.0.2987.21 Safari/537.36"
::1 administrative 1 "2017-02-06 21:13:48" http://localhost:8888/ojs-3.0.1/index.php/jnsamr/issue/download/2/4 200 "Mozilla/5.0 (Macintosh; Intel Mac OS X 10_10_5) AppleWebKit/537.36 (KHTML, like Gecko) Chrome/57.0.2987.21 Safari/537.36"
::1 administrative 1 "2017-02-06 21:14:12" http://localhost:8888/ojs-3.0.1/index.php/jnsamr/issue/view/2 200 "Mozilla/5.0 (Macintosh; Intel Mac OS X 10_10_5) AppleWebKit/537.36 (KHTML, like Gecko) Chrome/57.0.2987.21 Safari/537.36"
::1 administrative 1 "2017-02-06 21:14:19" http://localhost:8888/ojs-3.0.1/index.php/jnsamr/issue/download/2/2 200 "Mozilla/5.0 (Macintosh; Intel Mac OS X 10_10_5) AppleWebKit/537.36 (KHTML, like Gecko) Chrome/57.0.2987.21 Safari/537.36"
::1 administrative 1 "2017-02-06 21:14:25" http://localhost:8888/ojs-3.0.1/index.php/jnsamr/issue/view/2 200 "Mozilla/5.0 (Macintosh; Intel Mac OS X 10_10_5) AppleWebKit/537.36 (KHTML, like Gecko) Chrome/57.0.2987.21 Safari/537.36"
::1 administrative 1 "2017-02-06 21:17:16" http://localhost:8888/ojs-3.0.1/index.php/jnsamr/issue/view/2 200 "Mozilla/5.0 (Macintosh; Intel Mac OS X 10_10_5) AppleWebKit/537.36 (KHTML, like Gecko) Chrome/57.0.2987.21 Safari/537.36"
::1 administrative 1 "2017-02-06 21:17:32" http://localhost:8888/ojs-3.0.1/index.php/jnsamr/issue/view/2 200 "Mozilla/5.0 (Macintosh; Intel Mac OS X 10_10_5) AppleWebKit/537.36 (KHTML, like Gecko) Chrome/57.0.2987.21 Safari/537.36"
::1 administrative 1 "2017-02-06 21:18:49" http://localhost:8888/ojs-3.0.1/index.php/jnsamr/issue/view/2 200 "Mozilla/5.0 (Macintosh; Intel Mac OS X 10_10_5) AppleWebKit/537.36 (KHTML, like Gecko) Chrome/57.0.2987.21 Safari/537.36"
::1 administrative 1 "2017-02-06 21:21:11" http://localhost:8888/ojs-3.0.1/index.php/jnsamr/issue/view/2 200 "Mozilla/5.0 (Macintosh; Intel Mac OS X 10_10_5) AppleWebKit/537.36 (KHTML, like Gecko) Chrome/57.0.2987.21 Safari/537.36"
::1 administrative 1 "2017-02-06 21:21:20" http://localhost:8888/ojs-3.0.1/index.php/jnsamr/issue/view/2 200 "Mozilla/5.0 (Macintosh; Intel Mac OS X 10_10_5) AppleWebKit/537.36 (KHTML, like Gecko) Chrome/57.0.2987.21 Safari/537.36"
::1 administrative 1 "2017-02-06 21:21:24" http://localhost:8888/ojs-3.0.1/index.php/jnsamr/issue/view/2 200 "Mozilla/5.0 (Macintosh; Intel Mac OS X 10_10_5) AppleWebKit/537.36 (KHTML, like Gecko) Chrome/57.0.2987.21 Safari/537.36"
::1 administrative 1 "2017-02-06 21:22:11" http://localhost:8888/ojs-3.0.1/index.php/jnsamr/issue/view/2 200 "Mozilla/5.0 (Macintosh; Intel Mac OS X 10_10_5) AppleWebKit/537.36 (KHTML, like Gecko) Chrome/57.0.2987.21 Safari/537.36"
::1 administrative 1 "2017-02-06 21:24:28" http://localhost:8888/ojs-3.0.1/index.php/jnsamr/issue/view/2 200 "Mozilla/5.0 (Macintosh; Intel Mac OS X 10_10_5) AppleWebKit/537.36 (KHTML, like Gecko) Chrome/57.0.2987.21 Safari/537.36"
::1 administrative 1 "2017-02-06 21:24:54" http://localhost:8888/ojs-3.0.1/index.php/jnsamr/issue/view/2 200 "Mozilla/5.0 (Macintosh; Intel Mac OS X 10_10_5) AppleWebKit/537.36 (KHTML, like Gecko) Chrome/57.0.2987.21 Safari/537.36"
::1 administrative 1 "2017-02-06 21:25:06" http://localhost:8888/ojs-3.0.1/index.php/jnsamr/issue/download/2/2 200 "Mozilla/5.0 (Macintosh; Intel Mac OS X 10_10_5) AppleWebKit/537.36 (KHTML, like Gecko) Chrome/57.0.2987.21 Safari/537.36"
::1 administrative 1 "2017-02-06 21:25:42" http://localhost:8888/ojs-3.0.1/index.php/jnsamr/issue/view/2 200 "Mozilla/5.0 (Macintosh; Intel Mac OS X 10_10_5) AppleWebKit/537.36 (KHTML, like Gecko) Chrome/57.0.2987.21 Safari/537.36"
::1 administrative 1 "2017-02-06 21:25:51" http://localhost:8888/ojs-3.0.1/index.php/jnsamr/issue/download/2/2 200 "Mozilla/5.0 (Macintosh; Intel Mac OS X 10_10_5) AppleWebKit/537.36 (KHTML, like Gecko) Chrome/57.0.2987.21 Safari/537.36"
::1 administrative 1 "2017-02-06 21:25:52" http://localhost:8888/ojs-3.0.1/index.php/jnsamr/issue/view/2 200 "Mozilla/5.0 (Macintosh; Intel Mac OS X 10_10_5) AppleWebKit/537.36 (KHTML, like Gecko) Chrome/57.0.2987.21 Safari/537.36"
::1 administrative 1 "2017-02-06 21:25:53" http://localhost:8888/ojs-3.0.1/index.php/jnsamr/issue/view/2 200 "Mozilla/5.0 (Macintosh; Intel Mac OS X 10_10_5) AppleWebKit/537.36 (KHTML, like Gecko) Chrome/57.0.2987.21 Safari/537.36"
::1 administrative 1 "2017-02-06 21:25:56" http://localhost:8888/ojs-3.0.1/index.php/jnsamr/issue/download/2/4 200 "Mozilla/5.0 (Macintosh; Intel Mac OS X 10_10_5) AppleWebKit/537.36 (KHTML, like Gecko) Chrome/57.0.2987.21 Safari/537.36"
